MASTER ADDR: spark-dy-c6id-32xlarge-2	GLOBAL RANK: 0	CPUS PER TASK: 48	MEM PER NODE: 
worker_spark_on_slurm.sh: line 23: ./spark-3.3.1-bin-hadoop3/sbin/start-master.sh: No such file or directory
worker_spark_on_slurm.sh: line 30: / 1000: syntax error: operand expected (error token is "/ 1000")
MEM IN GB: G
worker_spark_on_slurm.sh: line 38: ./spark-3.3.1-bin-hadoop3/sbin/start-worker.sh: No such file or directory
Hello from worker 0
worker_spark_on_slurm.sh: line 30: / 1000: syntax error: operand expected (error token is "/ 1000")
worker_spark_on_slurm.sh: line 30: / 1000: syntax error: operand expected (error token is "/ 1000")
worker_spark_on_slurm.sh: line 30: / 1000: syntax error: operand expected (error token is "/ 1000")
worker_spark_on_slurm.sh: line 30: / 1000: syntax error: operand expected (error token is "/ 1000")
MEM IN GB: G
MEM IN GB: G
worker_spark_on_slurm.sh: line 38: ./spark-3.3.1-bin-hadoop3/sbin/start-worker.sh: No such file or directory
Hello from worker 1
worker_spark_on_slurm.sh: line 38: ./spark-3.3.1-bin-hadoop3/sbin/start-worker.sh: No such file or directory
Hello from worker 2
MEM IN GB: G
worker_spark_on_slurm.sh: line 38: ./spark-3.3.1-bin-hadoop3/sbin/start-worker.sh: No such file or directory
Hello from worker 4
MEM IN GB: G
worker_spark_on_slurm.sh: line 38: ./spark-3.3.1-bin-hadoop3/sbin/start-worker.sh: No such file or directory
Hello from worker 3
hi
